<?xml version="1.0" encoding="UTF-8"?>
<testsuite name="lab0.Variant4test" tests="26" skipped="0" failures="0" errors="0" timestamp="2022-11-16T14:46:08" hostname="DESKTOP-FL2L92C" time="0.042">
  <properties/>
  <testcase name="arrayTest[0](5, 1, 3, [I@24569dba)" classname="lab0.Variant4test" time="0.004"/>
  <testcase name="arrayTest[1](4, 1, -2, [I@514646ef)" classname="lab0.Variant4test" time="0.0"/>
  <testcase name="booleanTest[0](5, 1, true)" classname="lab0.Variant4test" time="0.0"/>
  <testcase name="booleanTest[1](10, -1, true)" classname="lab0.Variant4test" time="0.001"/>
  <testcase name="booleanTest[2](1, 4, false)" classname="lab0.Variant4test" time="0.0"/>
  <testcase name="forTest[0](3, [I@533bda92)" classname="lab0.Variant4test" time="0.0"/>
  <testcase name="forTest[1](5, [I@723ca036)" classname="lab0.Variant4test" time="0.0"/>
  <testcase name="ifTest[0](-1, -2, -3, 0)" classname="lab0.Variant4test" time="0.001"/>
  <testcase name="ifTest[1](2, 1, -1, 2)" classname="lab0.Variant4test" time="0.001"/>
  <testcase name="ifTest[2](2, -1, -2, 1)" classname="lab0.Variant4test" time="0.001"/>
  <testcase name="integerTest[0](5, 2, 2)" classname="lab0.Variant4test" time="0.0"/>
  <testcase name="integerTest[1](4, 2, 2)" classname="lab0.Variant4test" time="0.0"/>
  <testcase name="integerTest[2](0, 2, 0)" classname="lab0.Variant4test" time="0.001"/>
  <testcase name="negativeArrayTest" classname="lab0.Variant4test" time="0.0"/>
  <testcase name="negativeForTest" classname="lab0.Variant4test" time="0.0"/>
  <testcase name="negativeIntegerTest" classname="lab0.Variant4test" time="0.001"/>
  <testcase name="negativeMatrixTest" classname="lab0.Variant4test" time="0.0"/>
  <testcase name="negativeSwitchTest" classname="lab0.Variant4test" time="0.0"/>
  <testcase name="negativeWhileTest" classname="lab0.Variant4test" time="0.0"/>
  <testcase name="switchTest[0](1, 31)" classname="lab0.Variant4test" time="0.0"/>
  <testcase name="switchTest[1](2, 28)" classname="lab0.Variant4test" time="0.0"/>
  <testcase name="twoDimensionArrayTest[0]([I@6f01b95f, 5, [[I@4007f65e)" classname="lab0.Variant4test" time="0.004"/>
  <testcase name="twoDimensionArrayTest[1]([I@3cce5371, 4, [[I@17bffc17)" classname="lab0.Variant4test" time="0.0"/>
  <testcase name="whileTest[0](3, true)" classname="lab0.Variant4test" time="0.001"/>
  <testcase name="whileTest[1](81, true)" classname="lab0.Variant4test" time="0.0"/>
  <testcase name="whileTest[2](14, false)" classname="lab0.Variant4test" time="0.001"/>
  <system-out><![CDATA[]]></system-out>
  <system-err><![CDATA[]]></system-err>
</testsuite>
